[     127ms] [LOG] [Fast Refresh] rebuilding @ http://localhost:3001/_next/static/chunks/09_v_next_dist_0jxly-v._.js:2477
[     134ms] [LOG] [Fast Refresh] done in 107ms @ http://localhost:3001/_next/static/chunks/09_v_next_dist_0jxly-v._.js:2477
[     341ms] [INFO] %cDownload the React DevTools for a better development experience: https://react.dev/link/react-devtools font-weight:bold @ http://localhost:3001/_next/static/chunks/09_v_next_dist_0jxly-v._.js:2477
[     419ms] [LOG] [HMR] connected @ http://localhost:3001/_next/static/chunks/09_v_next_dist_0jxly-v._.js:2477
[   31671ms] [LOG] [Fast Refresh] rebuilding @ http://localhost:3001/_next/static/chunks/09_v_next_dist_0jxly-v._.js:2477
[   31674ms] [LOG] [Fast Refresh] done in 104ms @ http://localhost:3001/_next/static/chunks/09_v_next_dist_0jxly-v._.js:2477
[  298727ms] [LOG] [Fast Refresh] rebuilding @ http://localhost:3001/_next/static/chunks/09_v_next_dist_0jxly-v._.js:2477
[  298784ms] [LOG] [Fast Refresh] done in 119ms @ http://localhost:3001/_next/static/chunks/09_v_next_dist_0jxly-v._.js:2477
[  310890ms] [LOG] [Fast Refresh] rebuilding @ http://localhost:3001/_next/static/chunks/09_v_next_dist_0jxly-v._.js:2477
[  310923ms] [LOG] [Fast Refresh] done in 50ms @ http://localhost:3001/_next/static/chunks/09_v_next_dist_0jxly-v._.js:2477
[  339195ms] [LOG] [Fast Refresh] rebuilding @ http://localhost:3001/_next/static/chunks/09_v_next_dist_0jxly-v._.js:2477
[  339254ms] [LOG] [Fast Refresh] done in 88ms @ http://localhost:3001/_next/static/chunks/09_v_next_dist_0jxly-v._.js:2477
[  359114ms] [LOG] [Fast Refresh] rebuilding @ http://localhost:3001/_next/static/chunks/09_v_next_dist_0jxly-v._.js:2477
[  359220ms] [LOG] [Fast Refresh] done in 132ms @ http://localhost:3001/_next/static/chunks/09_v_next_dist_0jxly-v._.js:2477
[  359327ms] [LOG] [Fast Refresh] rebuilding @ http://localhost:3001/_next/static/chunks/09_v_next_dist_0jxly-v._.js:2477
[  359337ms] [LOG] [Fast Refresh] done in 110ms @ http://localhost:3001/_next/static/chunks/09_v_next_dist_0jxly-v._.js:2477
[  370592ms] [LOG] [Fast Refresh] rebuilding @ http://localhost:3001/_next/static/chunks/09_v_next_dist_0jxly-v._.js:2477
[  370641ms] [LOG] [Fast Refresh] done in 79ms @ http://localhost:3001/_next/static/chunks/09_v_next_dist_0jxly-v._.js:2477
[  400785ms] [LOG] [Fast Refresh] rebuilding @ http://localhost:3001/_next/static/chunks/09_v_next_dist_0jxly-v._.js:2477
[  400878ms] [LOG] [Fast Refresh] done in 178ms @ http://localhost:3001/_next/static/chunks/09_v_next_dist_0jxly-v._.js:2477
[  425759ms] [LOG] [Fast Refresh] rebuilding @ http://localhost:3001/_next/static/chunks/09_v_next_dist_0jxly-v._.js:2477
[  425880ms] [LOG] [Fast Refresh] done in 176ms @ http://localhost:3001/_next/static/chunks/09_v_next_dist_0jxly-v._.js:2477
[  450989ms] [LOG] [Fast Refresh] rebuilding @ http://localhost:3001/_next/static/chunks/09_v_next_dist_0jxly-v._.js:2477
[  451053ms] [LOG] [Fast Refresh] done in 70ms @ http://localhost:3001/_next/static/chunks/09_v_next_dist_0jxly-v._.js:2477
[  451174ms] [LOG] [Fast Refresh] rebuilding @ http://localhost:3001/_next/static/chunks/09_v_next_dist_0jxly-v._.js:2477
[  451177ms] [LOG] [Fast Refresh] done in 105ms @ http://localhost:3001/_next/static/chunks/09_v_next_dist_0jxly-v._.js:2477
[  462048ms] [LOG] [Fast Refresh] rebuilding @ http://localhost:3001/_next/static/chunks/09_v_next_dist_0jxly-v._.js:2477
[  462130ms] [LOG] [Fast Refresh] done in 111ms @ http://localhost:3001/_next/static/chunks/09_v_next_dist_0jxly-v._.js:2477
[  481881ms] [LOG] [Fast Refresh] rebuilding @ http://localhost:3001/_next/static/chunks/09_v_next_dist_0jxly-v._.js:2477
[  481930ms] [LOG] [Fast Refresh] done in 63ms @ http://localhost:3001/_next/static/chunks/09_v_next_dist_0jxly-v._.js:2477
[  688653ms] [LOG] [Fast Refresh] rebuilding @ http://localhost:3001/_next/static/chunks/09_v_next_dist_0jxly-v._.js:2477
[  688755ms] [LOG] [Fast Refresh] done in 182ms @ http://localhost:3001/_next/static/chunks/09_v_next_dist_0jxly-v._.js:2477
[  688857ms] [LOG] [Fast Refresh] rebuilding @ http://localhost:3001/_next/static/chunks/09_v_next_dist_0jxly-v._.js:2477
[  688888ms] [LOG] [Fast Refresh] done in 131ms @ http://localhost:3001/_next/static/chunks/09_v_next_dist_0jxly-v._.js:2477
