[     212ms] [LOG] [Fast Refresh] rebuilding @ http://localhost:3001/_next/static/chunks/09_v_next_dist_0jxly-v._.js:2477
[     236ms] [LOG] [Fast Refresh] done in 125ms @ http://localhost:3001/_next/static/chunks/09_v_next_dist_0jxly-v._.js:2477
[     353ms] [INFO] %cDownload the React DevTools for a better development experience: https://react.dev/link/react-devtools font-weight:bold @ http://localhost:3001/_next/static/chunks/09_v_next_dist_0jxly-v._.js:2477
[     400ms] [LOG] [HMR] connected @ http://localhost:3001/_next/static/chunks/09_v_next_dist_0jxly-v._.js:2477
[  117668ms] [LOG] [Fast Refresh] rebuilding @ http://localhost:3001/_next/static/chunks/09_v_next_dist_0jxly-v._.js:2477
[  117747ms] [LOG] [Fast Refresh] done in 139ms @ http://localhost:3001/_next/static/chunks/09_v_next_dist_0jxly-v._.js:2477
[  162332ms] [LOG] [Fast Refresh] rebuilding @ http://localhost:3001/_next/static/chunks/09_v_next_dist_0jxly-v._.js:2477
[  162809ms] [LOG] [Fast Refresh] done in 577ms @ http://localhost:3001/_next/static/chunks/09_v_next_dist_0jxly-v._.js:2477
[  163106ms] [LOG] [Fast Refresh] rebuilding @ http://localhost:3001/_next/static/chunks/09_v_next_dist_0jxly-v._.js:2477
[  163111ms] [LOG] [Fast Refresh] done in 106ms @ http://localhost:3001/_next/static/chunks/09_v_next_dist_0jxly-v._.js:2477
[  172438ms] [LOG] [Fast Refresh] rebuilding @ http://localhost:3001/_next/static/chunks/09_v_next_dist_0jxly-v._.js:2477
[  172491ms] [LOG] [Fast Refresh] done in 71ms @ http://localhost:3001/_next/static/chunks/09_v_next_dist_0jxly-v._.js:2477
[  190359ms] [LOG] [Fast Refresh] rebuilding @ http://localhost:3001/_next/static/chunks/09_v_next_dist_0jxly-v._.js:2477
[  190589ms] [LOG] [Fast Refresh] done in 175ms @ http://localhost:3001/_next/static/chunks/09_v_next_dist_0jxly-v._.js:2477
[  190698ms] [LOG] [Fast Refresh] rebuilding @ http://localhost:3001/_next/static/chunks/09_v_next_dist_0jxly-v._.js:2477
[  190889ms] [LOG] [Fast Refresh] done in 292ms @ http://localhost:3001/_next/static/chunks/09_v_next_dist_0jxly-v._.js:2477
[  191150ms] [LOG] [Fast Refresh] rebuilding @ http://localhost:3001/_next/static/chunks/09_v_next_dist_0jxly-v._.js:2477
[  191257ms] [LOG] [Fast Refresh] done in 207ms @ http://localhost:3001/_next/static/chunks/09_v_next_dist_0jxly-v._.js:2477
[  191615ms] [INFO] %cDownload the React DevTools for a better development experience: https://react.dev/link/react-devtools font-weight:bold @ http://localhost:3001/_next/static/chunks/09_v_next_dist_0jxly-v._.js:2477
[  191663ms] [LOG] [HMR] connected @ http://localhost:3001/_next/static/chunks/09_v_next_dist_0jxly-v._.js:2477
[  203778ms] [LOG] [Fast Refresh] rebuilding @ http://localhost:3001/_next/static/chunks/09_v_next_dist_0jxly-v._.js:2477
[  203832ms] [LOG] [Fast Refresh] done in 121ms @ http://localhost:3001/_next/static/chunks/09_v_next_dist_0jxly-v._.js:2477
